#-----------------------------------------------------------
# Vivado v2020.1 (64-bit)
# SW Build 2902540 on Wed May 27 19:54:49 MDT 2020
# IP Build 2902112 on Wed May 27 22:43:36 MDT 2020
# Start of session at: Mon Jun 22 23:54:49 2020
# Process ID: 4316
# Current directory: C:/Users/fort3/cscidir/EE4301/lab_1
# Command line: vivado.exe -gui_launcher_event rodinguilauncherevent15684 C:\Users\fort3\cscidir\EE4301\lab_1\lab_1.xpr
# Log file: C:/Users/fort3/cscidir/EE4301/lab_1/vivado.log
# Journal file: C:/Users/fort3/cscidir/EE4301/lab_1\vivado.jou
#-----------------------------------------------------------
start_gui
open_project C:/Users/fort3/cscidir/EE4301/lab_1/lab_1.xpr
Scanning sources...
Finished scanning sources
INFO: [IP_Flow 19-234] Refreshing IP repositories
INFO: [IP_Flow 19-1704] No user IP repositories specified
INFO: [IP_Flow 19-2313] Loaded Vivado IP repository 'C:/Xilinx/Vivado/2020.1/data/ip'.
open_project: Time (s): cpu = 00:00:32 ; elapsed = 00:00:13 . Memory (MB): peak = 1030.516 ; gain = 0.000
update_compile_order -fileset sources_1
exit
INFO: [Common 17-206] Exiting Vivado at Mon Jun 22 23:55:34 2020...
